INFO 2024-09-02 16:19:27,103 views 10104 15244 New User created: task3
INFO 2024-09-02 16:21:02,654 views 10104 15244 New User created: task4
INFO 2024-09-02 16:29:48,868 views 7312 16436 New User created: task5
INFO 2024-09-02 18:17:20,892 views 7312 8072 New User created: abc
INFO 2024-09-02 18:25:01,976 views 7312 12316 New User created: task40
INFO 2024-09-02 21:12:30,188 views 7312 15444 New User created: priyanka
INFO 2024-09-02 21:31:03,730 views 10200 9612 New User created: p
INFO 2024-09-03 10:02:29,213 views 3716 13948 New User created: pb
INFO 2024-09-03 10:19:59,570 views 13524 13928 New User created: pb1
INFO 2024-09-03 10:23:11,083 views 17420 1100 User logged in: pb1
INFO 2024-09-03 10:28:04,924 views 17420 5908 User logged in: pb1
INFO 2024-09-03 10:30:24,968 views 17420 5908 User logged in: pb1
INFO 2024-09-03 10:35:19,596 views 17420 14776 User logged in: pb1
INFO 2024-09-03 10:40:06,339 views 17420 17932 User logged out: 
INFO 2024-09-03 10:40:19,106 views 17420 8576 User logged in: pb1
INFO 2024-09-03 10:56:27,465 views 14232 16908 User logged out: 
INFO 2024-09-03 10:58:11,516 views 14232 16908 User logged in: pb1
INFO 2024-09-03 10:58:43,457 views 14232 5928 User logged out: 
INFO 2024-09-03 11:15:31,293 views 12936 2976 New User created: demo
INFO 2024-09-03 11:16:26,978 views 12936 6896 User logged in: demo
INFO 2024-09-03 11:17:01,990 views 12936 6896 User logged out: 
INFO 2024-09-03 11:18:27,588 views 12936 6896 User logged in: demo
INFO 2024-09-03 11:51:21,440 views 7712 17324 User logged out: 
INFO 2024-09-03 11:52:05,976 views 9424 11060 New User created: abc
INFO 2024-09-03 11:52:38,478 views 9424 13004 User logged in: abc
INFO 2024-09-03 11:54:43,042 views 9424 13004 User logged out: 
INFO 2024-09-03 11:54:51,764 views 9424 13004 User logged in: demo
